<?xml version="1.0" encoding="UTF-8"?>
<!-- Generated by org.testng.reporters.JUnitXMLReporter -->
<testsuite ignored="0" hostname="Mohits-MacBook-Air.local" failures="1" tests="2" name="Surefire test" time="2.624" errors="0" timestamp="2026-04-11T12:28:24 IST">
  <testcase classname="LoginTest" name="verifyLoginPageTitle" time="0.005"/>
  <testcase classname="LoginTest" name="performLogin" time="0.145">
    <failure type="java.lang.NullPointerException" message="Cannot invoke &amp;quot;org.openqa.selenium.WebElement.getText()&amp;quot; because the return value of &amp;quot;BasePage.getElement(org.openqa.selenium.By)&amp;quot; is null">
      <![CDATA[java.lang.NullPointerException: Cannot invoke "org.openqa.selenium.WebElement.getText()" because the return value of "BasePage.getElement(org.openqa.selenium.By)" is null
at BasePage.getPageHeader(BasePage.java:19)
at HomePage.getHomePageHeader(HomePage.java:22)
at LoginTest.performLogin(LoginTest.java:17)
at java.base/java.util.ArrayList.forEach(ArrayList.java:1511)
... Removed 32 stack frames]]>
    </failure>
  </testcase> <!-- performLogin -->
</testsuite> <!-- Surefire test -->
