-------------------------------------------------------------------------------
Test set: TestSuite
-------------------------------------------------------------------------------
Tests run: 5, Failures: 4, Errors: 0, Skipped: 0, Time elapsed: 69.141 s <<< FAILURE! - in TestSuite
loginTest(tests.LoginTest)  Time elapsed: 15.471 s  <<< FAILURE!
org.openqa.selenium.NoSuchElementException: 
no such element: Unable to locate element: {"method":"css selector","selector":"#user\-name1"}
  (Session info: chrome=147.0.7727.57)
For documentation on this error, please visit: http://seleniumhq.org/exceptions/no_such_element.html
Build info: version: '3.14.0', revision: 'aacccce0', time: '2018-08-02T20:19:58.91Z'
System info: host: 'Mohits-MacBook-Air.local', ip: '2402:e280:3e0d:4af:850d:34b7:cb03:cac0%en0', os.name: 'Mac OS X', os.arch: 'aarch64', os.version: '26.4.1', java.version: '17.0.16'
Driver info: org.openqa.selenium.chrome.ChromeDriver
Capabilities {acceptInsecureCerts: false, browserName: chrome, browserVersion: 147.0.7727.57, chrome: {chromedriverVersion: 147.0.7727.57 (b4f28b5637d0..., userDataDir: /var/folders/91/j827fmz96c7...}, fedcm:accounts: true, goog:chromeOptions: {debuggerAddress: localhost:51286}, goog:processID: 4007, javascriptEnabled: true, networkConnectionEnabled: false, pageLoadStrategy: normal, platform: MAC, platformName: MAC, proxy: Proxy(), setWindowRect: true, strictFileInteractability: false, timeouts: {implicit: 0, pageLoad: 300000, script: 30000}, unhandledPromptBehavior: dismiss and notify, webauthn:extension:credBlob: true, webauthn:extension:largeBlob: true, webauthn:extension:minPinLength: true, webauthn:extension:prf: true, webauthn:virtualAuthenticators: true}
Session ID: f854d70208f684d5e075ec77bbea69b6
*** Element info: {Using=id, value=user-name1}
	at tests.LoginTest.loginTest(LoginTest.java:47)

loginTest(tests.LoginTest)  Time elapsed: 15.459 s  <<< FAILURE!
org.openqa.selenium.NoSuchElementException: 
no such element: Unable to locate element: {"method":"css selector","selector":"#user\-name1"}
  (Session info: chrome=147.0.7727.57)
For documentation on this error, please visit: http://seleniumhq.org/exceptions/no_such_element.html
Build info: version: '3.14.0', revision: 'aacccce0', time: '2018-08-02T20:19:58.91Z'
System info: host: 'Mohits-MacBook-Air.local', ip: '2402:e280:3e0d:4af:850d:34b7:cb03:cac0%en0', os.name: 'Mac OS X', os.arch: 'aarch64', os.version: '26.4.1', java.version: '17.0.16'
Driver info: org.openqa.selenium.chrome.ChromeDriver
Capabilities {acceptInsecureCerts: false, browserName: chrome, browserVersion: 147.0.7727.57, chrome: {chromedriverVersion: 147.0.7727.57 (b4f28b5637d0..., userDataDir: /var/folders/91/j827fmz96c7...}, fedcm:accounts: true, goog:chromeOptions: {debuggerAddress: localhost:51321}, goog:processID: 4059, javascriptEnabled: true, networkConnectionEnabled: false, pageLoadStrategy: normal, platform: MAC, platformName: MAC, proxy: Proxy(), setWindowRect: true, strictFileInteractability: false, timeouts: {implicit: 0, pageLoad: 300000, script: 30000}, unhandledPromptBehavior: dismiss and notify, webauthn:extension:credBlob: true, webauthn:extension:largeBlob: true, webauthn:extension:minPinLength: true, webauthn:extension:prf: true, webauthn:virtualAuthenticators: true}
Session ID: d05b8c19396dd23254d7866af19a5f24
*** Element info: {Using=id, value=user-name1}
	at tests.LoginTest.loginTest(LoginTest.java:47)

loginTest(tests.LoginTest)  Time elapsed: 15.468 s  <<< FAILURE!
org.openqa.selenium.NoSuchElementException: 
no such element: Unable to locate element: {"method":"css selector","selector":"#user\-name1"}
  (Session info: chrome=147.0.7727.57)
For documentation on this error, please visit: http://seleniumhq.org/exceptions/no_such_element.html
Build info: version: '3.14.0', revision: 'aacccce0', time: '2018-08-02T20:19:58.91Z'
System info: host: 'Mohits-MacBook-Air.local', ip: '2402:e280:3e0d:4af:850d:34b7:cb03:cac0%en0', os.name: 'Mac OS X', os.arch: 'aarch64', os.version: '26.4.1', java.version: '17.0.16'
Driver info: org.openqa.selenium.chrome.ChromeDriver
Capabilities {acceptInsecureCerts: false, browserName: chrome, browserVersion: 147.0.7727.57, chrome: {chromedriverVersion: 147.0.7727.57 (b4f28b5637d0..., userDataDir: /var/folders/91/j827fmz96c7...}, fedcm:accounts: true, goog:chromeOptions: {debuggerAddress: localhost:51357}, goog:processID: 4099, javascriptEnabled: true, networkConnectionEnabled: false, pageLoadStrategy: normal, platform: MAC, platformName: MAC, proxy: Proxy(), setWindowRect: true, strictFileInteractability: false, timeouts: {implicit: 0, pageLoad: 300000, script: 30000}, unhandledPromptBehavior: dismiss and notify, webauthn:extension:credBlob: true, webauthn:extension:largeBlob: true, webauthn:extension:minPinLength: true, webauthn:extension:prf: true, webauthn:virtualAuthenticators: true}
Session ID: 182962856f713d411deaa320c2223bdc
*** Element info: {Using=id, value=user-name1}
	at tests.LoginTest.loginTest(LoginTest.java:47)

performLogin(tests.LoginTest)  Time elapsed: 15.465 s  <<< FAILURE!
org.openqa.selenium.NoSuchElementException: 
no such element: Unable to locate element: {"method":"css selector","selector":"#user\-name1"}
  (Session info: chrome=147.0.7727.57)
For documentation on this error, please visit: http://seleniumhq.org/exceptions/no_such_element.html
Build info: version: '3.14.0', revision: 'aacccce0', time: '2018-08-02T20:19:58.91Z'
System info: host: 'Mohits-MacBook-Air.local', ip: '2402:e280:3e0d:4af:850d:34b7:cb03:cac0%en0', os.name: 'Mac OS X', os.arch: 'aarch64', os.version: '26.4.1', java.version: '17.0.16'
Driver info: org.openqa.selenium.chrome.ChromeDriver
Capabilities {acceptInsecureCerts: false, browserName: chrome, browserVersion: 147.0.7727.57, chrome: {chromedriverVersion: 147.0.7727.57 (b4f28b5637d0..., userDataDir: /var/folders/91/j827fmz96c7...}, fedcm:accounts: true, goog:chromeOptions: {debuggerAddress: localhost:51411}, goog:processID: 4160, javascriptEnabled: true, networkConnectionEnabled: false, pageLoadStrategy: normal, platform: MAC, platformName: MAC, proxy: Proxy(), setWindowRect: true, strictFileInteractability: false, timeouts: {implicit: 0, pageLoad: 300000, script: 30000}, unhandledPromptBehavior: dismiss and notify, webauthn:extension:credBlob: true, webauthn:extension:largeBlob: true, webauthn:extension:minPinLength: true, webauthn:extension:prf: true, webauthn:virtualAuthenticators: true}
Session ID: 81d7a87feeb1606494a918de426d8d18
*** Element info: {Using=id, value=user-name1}
	at tests.LoginTest.performLogin(LoginTest.java:26)

