-------------------------------------------------------------------------------
Test set: TestSuite
-------------------------------------------------------------------------------
Tests run: 2, Failures: 1, Errors: 0, Skipped: 0, Time elapsed: 2.744 s <<< FAILURE! - in TestSuite
performLogin(LoginTest)  Time elapsed: 0.148 s  <<< FAILURE!
java.lang.NullPointerException: Cannot invoke "org.openqa.selenium.WebElement.getText()" because the return value of "BasePage.getElement(org.openqa.selenium.By)" is null
	at LoginTest.performLogin(LoginTest.java:17)

